<?xml version="1.0" encoding="UTF-8"?>
<!-- Generated by org.testng.reporters.JUnitReportReporter -->
<testsuite hostname="maaumac" failures="0" tests="3" name="com.example.DynamicJson" time="3.859" errors="0" timestamp="2025-03-05T00:06:14 BDT" skipped="0">
  <testcase classname="com.example.DynamicJson" name="addBook" time="1.027"/>
  <testcase classname="com.example.DynamicJson" name="addBook" time="1.000"/>
  <testcase classname="com.example.DynamicJson" name="addBook" time="1.832"/>
</testsuite> <!-- com.example.DynamicJson -->
