<?xml version="1.0" encoding="UTF-8"?>
<!-- Generated by org.testng.reporters.JUnitReportReporter -->
<testsuite hostname="maaumac" failures="0" tests="1" name="com.example.DynamicJson" time="0.868" errors="0" timestamp="2025-03-04T00:11:07 BDT" skipped="0">
  <testcase classname="com.example.DynamicJson" name="addBook" time="0.868"/>
</testsuite> <!-- com.example.DynamicJson -->
